<?xml version="1.0" encoding="UTF-8"?>
<!-- Generated by org.testng.reporters.JUnitReportReporter -->
<testsuite hostname="DESKTOP-M755DUH" failures="0" tests="2" name="ApiTest" time="0.005" errors="0" timestamp="2021-05-03T15:37:26 IST" skipped="0">
  <testcase classname="ApiTest" name="saveData" time="0.000"/>
  <system-out/>
  <testcase classname="ApiTest" name="postJira" time="0.005"/>
  <system-out/>
</testsuite> <!-- ApiTest -->
