<?xml version="1.0" encoding="UTF-8"?>
<!-- Generated by org.testng.reporters.JUnitReportReporter -->
<testsuite hostname="DESKTOP-M755DUH" failures="0" tests="2" name="AppiumTest" time="0.006" errors="0" timestamp="2021-05-03T15:37:26 IST" skipped="0">
  <testcase classname="AppiumTest" name="browseOpen" time="0.006"/>
  <system-out/>
  <testcase classname="AppiumTest" name="browserAutomation" time="0.000"/>
  <system-out/>
</testsuite> <!-- AppiumTest -->
