<?xml version="1.0" encoding="UTF-8"?>
<!-- Generated by org.testng.reporters.JUnitReportReporter -->
<testsuite hostname="DESKTOP-M755DUH" failures="0" tests="2" name="ApiTest" time="0.006" errors="0" timestamp="2021-05-04T16:51:10 IST" skipped="0">
  <testcase classname="ApiTest" name="postJira" time="0.006"/>
  <system-out/>
  <testcase classname="ApiTest" name="saveData" time="0.000"/>
  <system-out/>
</testsuite> <!-- ApiTest -->
